13:10:18,376 werkzeug WARNING  * Debugger is active!
13:10:18,377 werkzeug INFO  * Debugger PIN: 523-782-254
13:10:28,49 werkzeug INFO  * Detected change in '/home/lasith/Documents/Projects/downloader/app.py', reloading
13:10:29,11 werkzeug WARNING  * Debugger is active!
13:10:29,11 werkzeug INFO  * Debugger PIN: 523-782-254
13:14:43,795 werkzeug INFO  * Detected change in '/home/lasith/Documents/Projects/downloader/config.py', reloading
13:14:44,738 werkzeug WARNING  * Debugger is active!
13:14:44,739 werkzeug INFO  * Debugger PIN: 523-782-254
13:15:04,43 werkzeug INFO  * Detected change in '/home/lasith/Documents/Projects/downloader/config.py', reloading
13:15:05,64 werkzeug WARNING  * Debugger is active!
13:15:05,64 werkzeug INFO  * Debugger PIN: 523-782-254
13:18:16,311 werkzeug INFO  * Detected change in '/home/lasith/Documents/Projects/downloader/config.py', reloading
13:18:17,261 werkzeug WARNING  * Debugger is active!
13:18:17,262 werkzeug INFO  * Debugger PIN: 523-782-254
13:19:59,590 werkzeug INFO  * Detected change in '/home/lasith/Documents/Projects/downloader/config.py', reloading
13:20:00,490 werkzeug WARNING  * Debugger is active!
13:20:00,491 werkzeug INFO  * Debugger PIN: 523-782-254
13:21:03,417 werkzeug INFO  * Detected change in '/home/lasith/Documents/Projects/downloader/config.py', reloading
13:21:04,389 werkzeug WARNING  * Debugger is active!
13:21:04,390 werkzeug INFO  * Debugger PIN: 523-782-254
13:21:39,700 werkzeug INFO  * Detected change in '/home/lasith/Documents/Projects/downloader/app.py', reloading
13:21:40,648 root ERROR sample
13:21:40,656 werkzeug WARNING  * Debugger is active!
13:21:40,657 werkzeug INFO  * Debugger PIN: 523-782-254
13:22:12,861 werkzeug INFO  * Detected change in '/home/lasith/Documents/Projects/downloader/app.py', reloading
13:22:14,91 werkzeug WARNING  * Debugger is active!
13:22:14,92 werkzeug INFO  * Debugger PIN: 523-782-254
13:23:34,213 werkzeug INFO  * Detected change in '/home/lasith/Documents/Projects/downloader/db_access.py', reloading
13:23:35,157 werkzeug WARNING  * Debugger is active!
13:23:35,157 werkzeug INFO  * Debugger PIN: 523-782-254
14:21:19,499 root INFO Starting in ENV: Env.Production
14:21:19,507 werkzeug WARNING  * Running on all addresses.
   WARNING: This is a development server. Do not use it in a production deployment.
14:21:19,507 werkzeug INFO  * Running on http://192.168.8.6:5000/ (Press CTRL+C to quit)
14:21:19,508 werkzeug INFO  * Restarting with stat
14:21:20,325 root INFO Starting in ENV: Env.Production
14:21:20,331 werkzeug WARNING  * Debugger is active!
14:21:20,332 werkzeug INFO  * Debugger PIN: 523-782-254
14:22:10,380 werkzeug WARNING  * Running on all addresses.
   WARNING: This is a development server. Do not use it in a production deployment.
14:22:10,380 werkzeug INFO  * Running on http://192.168.8.6:5000/ (Press CTRL+C to quit)
14:22:10,382 werkzeug INFO  * Restarting with stat
14:22:11,239 werkzeug WARNING  * Debugger is active!
14:22:11,240 werkzeug INFO  * Debugger PIN: 523-782-254
14:22:37,995 werkzeug INFO  * Detected change in '/home/lasith/Documents/Projects/downloader/app.py', reloading
14:22:38,163 werkzeug INFO  * Restarting with stat
14:22:39,49 werkzeug WARNING  * Debugger is active!
14:22:39,50 werkzeug INFO  * Debugger PIN: 523-782-254
14:24:29,348 werkzeug INFO  * Detected change in '/home/lasith/Documents/Projects/downloader/db_access.py', reloading
14:24:29,478 werkzeug INFO  * Restarting with stat
14:24:30,309 werkzeug WARNING  * Debugger is active!
14:24:30,310 werkzeug INFO  * Debugger PIN: 523-782-254
14:24:47,364 werkzeug INFO  * Detected change in '/home/lasith/Documents/Projects/downloader/db_access.py', reloading
14:24:47,520 werkzeug INFO  * Restarting with stat
14:26:10,684 werkzeug INFO  * Restarting with stat
14:29:37,646 werkzeug INFO  * Restarting with stat
14:30:50,87 werkzeug INFO  * Restarting with stat
14:31:43,169 werkzeug INFO  * Restarting with stat
14:32:22,720 werkzeug INFO  * Restarting with stat
14:32:24,938 werkzeug INFO  * Restarting with stat
14:32:55,49 werkzeug INFO  * Restarting with stat
14:33:43,216 werkzeug INFO  * Restarting with stat
14:34:45,918 werkzeug INFO  * Restarting with stat
14:34:58,683 werkzeug INFO  * Restarting with stat
14:35:13,810 werkzeug INFO  * Restarting with stat
14:35:51,242 werkzeug INFO  * Restarting with stat
20:01:16,716 werkzeug WARNING  * Running on all addresses.
   WARNING: This is a development server. Do not use it in a production deployment.
20:01:16,716 werkzeug INFO  * Running on http://192.168.8.6:5000/ (Press CTRL+C to quit)
20:01:16,717 werkzeug INFO  * Restarting with stat
20:01:46,513 werkzeug INFO  * Restarting with stat
20:03:20,210 werkzeug INFO  * Restarting with stat
20:03:21,241 werkzeug WARNING  * Debugger is active!
20:03:21,242 werkzeug INFO  * Debugger PIN: 523-782-254
20:03:36,163 werkzeug WARNING  * Running on all addresses.
   WARNING: This is a development server. Do not use it in a production deployment.
20:03:36,163 werkzeug INFO  * Running on http://192.168.8.6:5000/ (Press CTRL+C to quit)
20:03:36,164 werkzeug INFO  * Restarting with stat
20:05:58,265 werkzeug WARNING  * Running on all addresses.
   WARNING: This is a development server. Do not use it in a production deployment.
20:05:58,266 werkzeug INFO  * Running on http://192.168.8.6:5000/ (Press CTRL+C to quit)
20:05:58,267 werkzeug INFO  * Restarting with stat
20:06:44,109 werkzeug INFO  * Restarting with stat
20:08:04,967 werkzeug INFO  * Restarting with stat
20:08:09,358 werkzeug INFO  * Restarting with stat
20:08:10,313 werkzeug WARNING  * Debugger is active!
20:08:10,314 werkzeug INFO  * Debugger PIN: 523-782-254
20:08:18,876 werkzeug WARNING  * Running on all addresses.
   WARNING: This is a development server. Do not use it in a production deployment.
20:08:18,876 werkzeug INFO  * Running on http://192.168.8.6:5000/ (Press CTRL+C to quit)
20:08:18,878 werkzeug INFO  * Restarting with stat
20:08:59,383 werkzeug INFO  * Restarting with stat
20:12:14,709 werkzeug INFO  * Restarting with stat
20:12:37,396 werkzeug INFO  * Restarting with stat
20:13:05,531 werkzeug INFO  * Restarting with stat
20:13:19,339 werkzeug INFO  * Restarting with stat
20:14:11,452 werkzeug INFO  * Restarting with stat
20:14:17,959 werkzeug INFO  * Restarting with stat
20:15:03,705 werkzeug INFO  * Restarting with stat
20:15:09,70 werkzeug INFO  * Restarting with stat
20:15:25,940 werkzeug WARNING  * Running on all addresses.
   WARNING: This is a development server. Do not use it in a production deployment.
20:15:25,940 werkzeug INFO  * Running on http://192.168.8.6:5000/ (Press CTRL+C to quit)
20:15:25,942 werkzeug INFO  * Restarting with stat
20:17:55,704 werkzeug INFO  * Restarting with stat
20:18:45,764 werkzeug INFO  * Restarting with stat
20:19:43,476 werkzeug INFO  * Restarting with stat
20:20:40,753 werkzeug INFO  * Restarting with stat
20:26:44,520 werkzeug INFO  * Restarting with stat
20:29:08,243 werkzeug INFO  * Restarting with stat
20:30:08,774 werkzeug INFO  * Restarting with stat
20:30:53,497 werkzeug INFO  * Restarting with stat
20:31:00,953 werkzeug INFO  * Restarting with stat
20:31:28,756 werkzeug INFO  * Restarting with stat
00:30:19,833 werkzeug WARNING  * Running on all addresses.
   WARNING: This is a development server. Do not use it in a production deployment.
00:30:19,833 werkzeug INFO  * Running on http://192.168.8.6:5000/ (Press CTRL+C to quit)
00:30:31,987 werkzeug INFO 192.168.8.7 - - [17/May/2021 00:30:31] "GET /api/v1/yt/info?url=https%3A%2F%2Fwww.youtube.com%2Fwatch%3Fv%3DLXb3EKWsInQ HTTP/1.1" 200 -
00:48:38,448 werkzeug WARNING  * Running on all addresses.
   WARNING: This is a development server. Do not use it in a production deployment.
00:48:38,448 werkzeug INFO  * Running on http://192.168.8.6:5000/ (Press CTRL+C to quit)
00:48:49,234 werkzeug INFO 192.168.8.7 - - [17/May/2021 00:48:49] "POST /api/v1/jobs/save HTTP/1.1" 200 -
00:48:54,375 werkzeug INFO 192.168.8.7 - - [17/May/2021 00:48:54] "GET /api/v1/yt/info?url=https%3A%2F%2Fwww.youtube.com%2Fwatch%3Fv%3DLXb3EKWsInQ HTTP/1.1" 200 -
00:50:52,632 werkzeug WARNING  * Running on all addresses.
   WARNING: This is a development server. Do not use it in a production deployment.
00:50:52,632 werkzeug INFO  * Running on http://192.168.8.6:5000/ (Press CTRL+C to quit)
00:51:00,676 werkzeug INFO 192.168.8.7 - - [17/May/2021 00:51:00] "POST /api/v1/jobs/save HTTP/1.1" 200 -
00:51:47,372 werkzeug INFO 192.168.8.7 - - [17/May/2021 00:51:47] "GET /api/v1/yt/info?url=https%3A%2F%2Fwww.youtube.com%2Fwatch%3Fv%3DLXb3EKWsInQ HTTP/1.1" 200 -
00:51:53,339 werkzeug INFO 192.168.8.7 - - [17/May/2021 00:51:53] "POST /api/v1/jobs/save HTTP/1.1" 200 -
00:51:56,148 werkzeug INFO 192.168.8.7 - - [17/May/2021 00:51:56] "GET /api/v1/yt/info?url=https%3A%2F%2Fwww.youtube.com%2Fwatch%3Fv%3DLXb3EKWsInQ HTTP/1.1" 200 -
00:52:33,91 werkzeug INFO 192.168.8.7 - - [17/May/2021 00:52:33] "POST /api/v1/jobs/save HTTP/1.1" 200 -
00:52:56,401 werkzeug WARNING  * Running on all addresses.
   WARNING: This is a development server. Do not use it in a production deployment.
00:52:56,401 werkzeug INFO  * Running on http://192.168.8.6:5000/ (Press CTRL+C to quit)
00:52:59,808 werkzeug INFO 192.168.8.7 - - [17/May/2021 00:52:59] "GET /api/v1/yt/info?url=https%3A%2F%2Fwww.youtube.com%2Fwatch%3Fv%3DLXb3EKWsInQ HTTP/1.1" 200 -
00:53:07,169 werkzeug INFO 192.168.8.7 - - [17/May/2021 00:53:07] "POST /api/v1/jobs/save HTTP/1.1" 200 -
00:53:17,433 werkzeug INFO 192.168.8.7 - - [17/May/2021 00:53:17] "GET /api/v1/yt/info?url=https%3A%2F%2Fwww.youtube.com%2Fwatch%3Fv%3DLXb3EKWsInQ HTTP/1.1" 200 -
00:53:35,596 werkzeug INFO 192.168.8.7 - - [17/May/2021 00:53:35] "POST /api/v1/jobs/save HTTP/1.1" 200 -
00:56:50,989 werkzeug WARNING  * Running on all addresses.
   WARNING: This is a development server. Do not use it in a production deployment.
00:56:50,989 werkzeug INFO  * Running on http://192.168.8.6:5000/ (Press CTRL+C to quit)
00:56:57,559 werkzeug INFO 192.168.8.7 - - [17/May/2021 00:56:57] "GET /api/v1/yt/info?url=https%3A%2F%2Fwww.youtube.com%2Fwatch%3Fv%3D4kRycxdU2nA HTTP/1.1" 200 -
00:57:58,124 werkzeug INFO 192.168.8.7 - - [17/May/2021 00:57:58] "GET /api/v1/yt/info?url=https%3A%2F%2Fwww.youtube.com%2Fwatch%3Fv%3DLXb3EKWsInQ HTTP/1.1" 200 -
01:01:11,402 werkzeug WARNING  * Running on all addresses.
   WARNING: This is a development server. Do not use it in a production deployment.
01:01:11,402 werkzeug INFO  * Running on http://192.168.8.6:5000/ (Press CTRL+C to quit)
01:01:12,348 root ERROR insert_job() failed. Exception: (sqlite3.InterfaceError) Error binding parameter 2 - probably unsupported type.
[SQL: INSERT INTO job (url, start_at_midnight, job_type, format, preset, status, start_time, end_time, date_created) VALUES (?, ?, ?, ?, ?, ?, ?, ?, ?)]
[parameters: ('dummy', 1, <JobType.YtdlUpdate: 3>, 'dummy', 'dummy', 1, None, None, '2021-05-16 19:31:12.347856')]
(Background on this error at: http://sqlalche.me/e/14/rvf5)
01:01:47,487 werkzeug WARNING  * Running on all addresses.
   WARNING: This is a development server. Do not use it in a production deployment.
01:01:47,488 werkzeug INFO  * Running on http://192.168.8.6:5000/ (Press CTRL+C to quit)
01:02:07,527 werkzeug INFO 192.168.8.7 - - [17/May/2021 01:02:07] "POST /api/v1/jobs/save HTTP/1.1" 200 -
01:03:02,240 werkzeug WARNING  * Running on all addresses.
   WARNING: This is a development server. Do not use it in a production deployment.
01:03:02,241 werkzeug INFO  * Running on http://192.168.8.6:5000/ (Press CTRL+C to quit)
01:03:03,158 root ERROR insert_job() failed. Exception: (sqlite3.InterfaceError) Error binding parameter 2 - probably unsupported type.
[SQL: INSERT INTO job (url, start_at_midnight, job_type, format, preset, status, start_time, end_time, date_created) VALUES (?, ?, ?, ?, ?, ?, ?, ?, ?)]
[parameters: ('dummy', 1, <JobType.YtdlUpdate: 3>, 'dummy', 'dummy', 1, None, None, '2021-05-16 19:33:03.157775')]
(Background on this error at: http://sqlalche.me/e/14/rvf5)
